c:\users\ian\documents\college\c++ class\final project\3d object builder\visual studio repos\3d obj builder (vs)\debug\vc142.pdb
c:\users\ian\documents\college\c++ class\final project\3d object builder\visual studio repos\3d obj builder (vs)\debug\vc142.idb
c:\users\ian\documents\college\c++ class\final project\3d object builder\visual studio repos\3d obj builder (vs)\debug\main.obj
c:\users\ian\documents\college\c++ class\final project\3d object builder\visual studio repos\3d obj builder (vs)\debug\3d_terrain_builder.obj
c:\users\ian\documents\college\c++ class\final project\3d object builder\visual studio repos\3d obj builder (vs)\debug\3d_object.obj
c:\users\ian\documents\college\c++ class\final project\3d object builder\visual studio repos\3d obj builder (vs)\debug\3d_object_parts.obj
c:\users\ian\documents\college\c++ class\final project\3d object builder\visual studio repos\3d obj builder (vs)\debug\tri_to_quad_sort.obj
c:\users\ian\documents\college\c++ class\final project\3d object builder\visual studio repos\3d obj builder (vs)\debug\output_file.obj
c:\users\ian\documents\college\c++ class\final project\3d object builder\visual studio repos\3d obj builder (vs)\debug\vertex_group_sort.obj
c:\users\ian\documents\college\c++ class\final project\3d object builder\visual studio repos\3d obj builder (vs)\debug\3d obj builder (vs).pdb
c:\users\ian\documents\college\c++ class\final project\3d object builder\visual studio repos\3d obj builder (vs)\debug\3d obj b.e0f2a3e9.tlog\cl.command.1.tlog
c:\users\ian\documents\college\c++ class\final project\3d object builder\visual studio repos\3d obj builder (vs)\debug\3d obj b.e0f2a3e9.tlog\cl.read.1.tlog
c:\users\ian\documents\college\c++ class\final project\3d object builder\visual studio repos\3d obj builder (vs)\debug\3d obj b.e0f2a3e9.tlog\cl.write.1.tlog
c:\users\ian\documents\college\c++ class\final project\3d object builder\visual studio repos\3d obj builder (vs)\debug\3d obj b.e0f2a3e9.tlog\link.2032-cvtres.read.1.tlog
c:\users\ian\documents\college\c++ class\final project\3d object builder\visual studio repos\3d obj builder (vs)\debug\3d obj b.e0f2a3e9.tlog\link.2032-cvtres.write.1.tlog
c:\users\ian\documents\college\c++ class\final project\3d object builder\visual studio repos\3d obj builder (vs)\debug\3d obj b.e0f2a3e9.tlog\link.2032-rc.read.1.tlog
c:\users\ian\documents\college\c++ class\final project\3d object builder\visual studio repos\3d obj builder (vs)\debug\3d obj b.e0f2a3e9.tlog\link.2032-rc.write.1.tlog
c:\users\ian\documents\college\c++ class\final project\3d object builder\visual studio repos\3d obj builder (vs)\debug\3d obj b.e0f2a3e9.tlog\link.2032.read.1.tlog
c:\users\ian\documents\college\c++ class\final project\3d object builder\visual studio repos\3d obj builder (vs)\debug\3d obj b.e0f2a3e9.tlog\link.2032.write.1.tlog
c:\users\ian\documents\college\c++ class\final project\3d object builder\visual studio repos\3d obj builder (vs)\debug\3d obj b.e0f2a3e9.tlog\link.command.1.tlog
c:\users\ian\documents\college\c++ class\final project\3d object builder\visual studio repos\3d obj builder (vs)\debug\3d obj b.e0f2a3e9.tlog\link.read.1.tlog
c:\users\ian\documents\college\c++ class\final project\3d object builder\visual studio repos\3d obj builder (vs)\debug\3d obj b.e0f2a3e9.tlog\link.write.1.tlog
